#
# There is insufficient memory for the Java Runtime Environment to continue.
# Native memory allocation (malloc) failed to allocate 1048576 bytes. Error detail: AllocateHeap
# Possible reasons:
#   The system is out of physical RAM or swap space
#   This process is running with CompressedOops enabled, and the Java Heap may be blocking the growth of the native heap
# Possible solutions:
#   Reduce memory load on the system
#   Increase physical memory or swap space
#   Check if swap backing store is full
#   Decrease Java heap size (-Xmx/-Xms)
#   Decrease number of Java threads
#   Decrease Java thread stack sizes (-Xss)
#   Set larger code cache with -XX:ReservedCodeCacheSize=
#   JVM is running with Unscaled Compressed Oops mode in which the Java heap is
#     placed in the first 4GB address space. The Java Heap base address is the
#     maximum limit for the native heap growth. Please use -XX:HeapBaseMinAddress
#     to set the Java Heap base and to place the Java Heap above 4GB virtual address.
# This output file may be truncated or incomplete.
#
#  Out of Memory Error (allocation.cpp:44), pid=33732, tid=33752
#
# JRE version:  (17.0.12+7) (build )
# Java VM: OpenJDK 64-Bit Server VM (17.0.12+7, mixed mode, sharing, tiered, compressed oops, compressed class ptrs, g1 gc, windows-amd64)
# No core dump will be written. Minidumps are not enabled by default on client versions of Windows
#

---------------  S U M M A R Y ------------

Command Line: -XX:+ShowCodeDetailsInExceptionMessages bank.management.system.PinChnage

Host: AMD Ryzen 5 4600H with Radeon Graphics         , 12 cores, 7G,  Windows 11 , 64 bit Build 26100 (10.0.26100.3037)
Time: Wed Mar  5 11:37:51 2025 India Standard Time elapsed time: 1.027709 seconds (0d 0h 0m 1s)

---------------  T H R E A D  ---------------

Current thread (0x000001b77a0a3c70):  JavaThread "Unknown thread" [_thread_in_vm, id=33752, stack(0x0000000b1b000000,0x0000000b1b100000)]

Stack: [0x0000000b1b000000,0x0000000b1b100000]
Native frames: (J=compiled Java code, j=interpreted, Vv=VM code, C=native code)
V  [jvm.dll+0x67f929]
V  [jvm.dll+0x8371ba]
V  [jvm.dll+0x838c7e]
V  [jvm.dll+0x8392e3]
V  [jvm.dll+0x24834f]
V  [jvm.dll+0xa70d3]
V  [jvm.dll+0x2e7fe2]
V  [jvm.dll+0x2dfecb]
V  [jvm.dll+0x808a4b]
V  [jvm.dll+0x36d3b1]
V  [jvm.dll+0x7e7425]
V  [jvm.dll+0x3f0edf]
V  [jvm.dll+0x3f2a31]
C  [jli.dll+0x528f]
C  [ucrtbase.dll+0x37b0]
C  [KERNEL32.DLL+0x2e8d7]
C  [ntdll.dll+0xbbf2c]


---------------  P R O C E S S  ---------------

Threads class SMR info:
_java_thread_list=0x00007ffda3566f18, length=0, elements={
}

Java Threads: ( => current thread )

Other Threads:
  0x000001b77a0fd560 GCTaskThread "GC Thread#0" [stack: 0x0000000b1b100000,0x0000000b1b200000] [id=33756]

[error occurred during error reporting (printing all threads), id 0xc0000005, EXCEPTION_ACCESS_VIOLATION (0xc0000005) at pc=0x00007ffda2d1cc80]

VM state: not at safepoint (not fully initialized)

VM Mutex/Monitor currently owned by a thread:  ([mutex/lock_event])
[0x000001b77a0a08f0] Heap_lock - owner thread: 0x000001b77a0a3c70

Heap address: 0x0000000089400000, size: 1900 MB, Compressed Oops mode: 32-bit

CDS archive(s) mapped at: [0x0000000000000000-0x0000000000000000-0x0000000000000000), size 0, SharedBaseAddress: 0x0000000800000000, ArchiveRelocationMode: 1.
Narrow klass base: 0x0000000000000000, Narrow klass shift: 0, Narrow klass range: 0x0

GC Precious Log:
<Empty>

Heap:
 garbage-first heap   total 0K, used 0K [0x0000000089400000, 0x0000000100000000)
  region size 1024K, 0 young (0K), 0 survivors (0K)

[error occurred during error reporting (printing heap information), id 0xc0000005, EXCEPTION_ACCESS_VIOLATION (0xc0000005) at pc=0x00007ffda3108bf9]

GC Heap History (0 events):
No events

Dll operation events (1 events):
Event: 0.009 Loaded shared library C:\Program Files\Eclipse Adoptium\jdk-17.0.12.7-hotspot\bin\java.dll

Deoptimization events (0 events):
No events

Classes loaded (0 events):
No events

Classes unloaded (0 events):
No events

Classes redefined (0 events):
No events

Internal exceptions (0 events):
No events

VM Operations (0 events):
No events

Events (0 events):
No events


Dynamic libraries:
0x00007ff72fb50000 - 0x00007ff72fb5e000 	C:\Program Files\Eclipse Adoptium\jdk-17.0.12.7-hotspot\bin\java.exe
0x00007ffe51a20000 - 0x00007ffe51c83000 	C:\WINDOWS\SYSTEM32\ntdll.dll
0x00007ffe51210000 - 0x00007ffe512d7000 	C:\WINDOWS\System32\KERNEL32.DLL
0x00007ffe4f1e0000 - 0x00007ffe4f5a7000 	C:\WINDOWS\System32\KERNELBASE.dll
0x00007ffe4ee70000 - 0x00007ffe4efbc000 	C:\WINDOWS\System32\ucrtbase.dll
0x00007ffe3b9a0000 - 0x00007ffe3b9b7000 	C:\Program Files\Eclipse Adoptium\jdk-17.0.12.7-hotspot\bin\jli.dll
0x00007ffe3b9c0000 - 0x00007ffe3b9db000 	C:\Program Files\Eclipse Adoptium\jdk-17.0.12.7-hotspot\bin\VCRUNTIME140.dll
0x00007ffe50020000 - 0x00007ffe501e9000 	C:\WINDOWS\System32\USER32.dll
0x00007ffe4f1b0000 - 0x00007ffe4f1d7000 	C:\WINDOWS\System32\win32u.dll
0x00007ffe38560000 - 0x00007ffe387f0000 	C:\WINDOWS\WinSxS\amd64_microsoft.windows.common-controls_6595b64144ccf1df_6.0.26100.3037_none_3e09262ce333c378\COMCTL32.dll
0x00007ffe51870000 - 0x00007ffe5189a000 	C:\WINDOWS\System32\GDI32.dll
0x00007ffe512e0000 - 0x00007ffe51389000 	C:\WINDOWS\System32\msvcrt.dll
0x00007ffe4efc0000 - 0x00007ffe4f0eb000 	C:\WINDOWS\System32\gdi32full.dll
0x00007ffe4edc0000 - 0x00007ffe4ee63000 	C:\WINDOWS\System32\msvcp_win.dll
0x00007ffe51940000 - 0x00007ffe5196f000 	C:\WINDOWS\System32\IMM32.DLL
0x00007ffe3e5c0000 - 0x00007ffe3e5cc000 	C:\Program Files\Eclipse Adoptium\jdk-17.0.12.7-hotspot\bin\vcruntime140_1.dll
0x00007ffe23550000 - 0x00007ffe235dd000 	C:\Program Files\Eclipse Adoptium\jdk-17.0.12.7-hotspot\bin\msvcp140.dll
0x00007ffda2a30000 - 0x00007ffda369a000 	C:\Program Files\Eclipse Adoptium\jdk-17.0.12.7-hotspot\bin\server\jvm.dll
0x00007ffe51470000 - 0x00007ffe51524000 	C:\WINDOWS\System32\ADVAPI32.dll
0x00007ffe515b0000 - 0x00007ffe51656000 	C:\WINDOWS\System32\sechost.dll
0x00007ffe50940000 - 0x00007ffe50a56000 	C:\WINDOWS\System32\RPCRT4.dll
0x00007ffe51530000 - 0x00007ffe515a4000 	C:\WINDOWS\System32\WS2_32.dll
0x00007ffe4ea90000 - 0x00007ffe4eade000 	C:\WINDOWS\SYSTEM32\POWRPROF.dll
0x00007ffe44d00000 - 0x00007ffe44d36000 	C:\WINDOWS\SYSTEM32\WINMM.dll
0x00007ffe47090000 - 0x00007ffe4709b000 	C:\WINDOWS\SYSTEM32\VERSION.dll
0x00007ffe4ea70000 - 0x00007ffe4ea84000 	C:\WINDOWS\SYSTEM32\UMPDC.dll
0x00007ffe4dbf0000 - 0x00007ffe4dc0a000 	C:\WINDOWS\SYSTEM32\kernel.appcore.dll
0x00007ffe31b60000 - 0x00007ffe31b6a000 	C:\Program Files\Eclipse Adoptium\jdk-17.0.12.7-hotspot\bin\jimage.dll
0x00007ffe45220000 - 0x00007ffe45461000 	C:\WINDOWS\SYSTEM32\DBGHELP.DLL
0x00007ffe4f8f0000 - 0x00007ffe4fc6e000 	C:\WINDOWS\System32\combase.dll
0x00007ffe51390000 - 0x00007ffe51466000 	C:\WINDOWS\System32\OLEAUT32.dll
0x00007ffe35c10000 - 0x00007ffe35c49000 	C:\WINDOWS\SYSTEM32\dbgcore.DLL
0x00007ffe4f7c0000 - 0x00007ffe4f859000 	C:\WINDOWS\System32\bcryptPrimitives.dll
0x00007ffe24560000 - 0x00007ffe24585000 	C:\Program Files\Eclipse Adoptium\jdk-17.0.12.7-hotspot\bin\java.dll

dbghelp: loaded successfully - version: 4.0.5 - missing functions: none
symbol engine: initialized successfully - sym options: 0x614 - pdb path: .;C:\Program Files\Eclipse Adoptium\jdk-17.0.12.7-hotspot\bin;C:\WINDOWS\SYSTEM32;C:\WINDOWS\WinSxS\amd64_microsoft.windows.common-controls_6595b64144ccf1df_6.0.26100.3037_none_3e09262ce333c378;C:\Program Files\Eclipse Adoptium\jdk-17.0.12.7-hotspot\bin\server

VM Arguments:
jvm_args: -XX:+ShowCodeDetailsInExceptionMessages 
java_command: bank.management.system.PinChnage
java_class_path (initial): C:\Users\rohan\AppData\Roaming\Code\User\workspaceStorage\50d462d085ed46d6ca5690eef2767276\redhat.java\jdt_ws\Bank Management System_18443e70\bin;c:\Users\rohan\OneDrive\Desktop\Bank Management System\lib\mysql-connector-java-8.0.28.jar;c:\Users\rohan\OneDrive\Desktop\Bank Management System\lib\junit-platform-console-standalone-1.12.0.jar;c:\Users\rohan\OneDrive\Desktop\Bank Management System\lib\jcalendar-tz-1.3.3-4.jar
Launcher Type: SUN_STANDARD

[Global flags]
     intx CICompilerCount                          = 4                                         {product} {ergonomic}
     uint ConcGCThreads                            = 3                                         {product} {ergonomic}
     uint G1ConcRefinementThreads                  = 10                                        {product} {ergonomic}
   size_t G1HeapRegionSize                         = 1048576                                   {product} {ergonomic}
    uintx GCDrainStackTargetSize                   = 64                                        {product} {ergonomic}
   size_t InitialHeapSize                          = 125829120                                 {product} {ergonomic}
   size_t MarkStackSize                            = 4194304                                   {product} {ergonomic}
   size_t MaxHeapSize                              = 1992294400                                {product} {ergonomic}
   size_t MinHeapDeltaBytes                        = 1048576                                   {product} {ergonomic}
   size_t MinHeapSize                              = 8388608                                   {product} {ergonomic}
    uintx NonNMethodCodeHeapSize                   = 5839372                                {pd product} {ergonomic}
    uintx NonProfiledCodeHeapSize                  = 122909434                              {pd product} {ergonomic}
    uintx ProfiledCodeHeapSize                     = 122909434                              {pd product} {ergonomic}
    uintx ReservedCodeCacheSize                    = 251658240                              {pd product} {ergonomic}
     bool SegmentedCodeCache                       = true                                      {product} {ergonomic}
     bool ShowCodeDetailsInExceptionMessages       = true                                   {manageable} {command line}
   size_t SoftMaxHeapSize                          = 1992294400                             {manageable} {ergonomic}
     bool UseCompressedClassPointers               = true                           {product lp64_product} {ergonomic}
     bool UseCompressedOops                        = true                           {product lp64_product} {ergonomic}
     bool UseG1GC                                  = true                                      {product} {ergonomic}
     bool UseLargePagesIndividualAllocation        = false                                  {pd product} {ergonomic}

Logging:
Log output configuration:
 #0: stdout all=warning uptime,level,tags
 #1: stderr all=off uptime,level,tags

Environment Variables:
JAVA_HOME=C:\Program Files\Eclipse Adoptium\jdk-17.0.12.7-hotspot\
PATH=C:\oraclexe\app\oracle\product\10.2.0\server\bin;C:\Program Files\Eclipse Adoptium\jdk-17.0.12.7-hotspot\bin;C:\Windows\system32;C:\Windows;C:\Windows\System32\Wbem;C:\Windows\System32\WindowsPowerShell\v1.0\;C:\Windows\System32\OpenSSH\;C:\Program Files (x86)\NVIDIA Corporation\PhysX\Common;C:\Program Files\NVIDIA Corporation\NVIDIA NvDLISR;C:\WINDOWS\system32;C:\WINDOWS;C:\WINDOWS\System32\Wbem;C:\WINDOWS\System32\WindowsPowerShell\v1.0\;C:\WINDOWS\System32\OpenSSH\;C:\MinGW\bin;C:\Program Files\dotnet\;C:\Program Files\MySQL\MySQL Server 8.0\bin;C:\Program Files\Git\cmd;C:\Program Files\MySQL\MySQL Shell 8.0\bin\;C:\Users\rohan\AppData\Local\Programs\Python\Python312\Scripts\;C:\Users\rohan\AppData\Local\Programs\Python\Python312\;C:\Users\rohan\AppData\Local\Microsoft\WindowsApps;C:\MinGW\bin;C:\Users\rohan\AppData\Local\Programs\Microsoft VS Code\bin;C:\Users\rohan\.dotnet\tools;C:\Program Files\JetBrains\IntelliJ IDEA Community Edition 2024.3.2.2\bin;;
USERNAME=rohan
LANG=en_US.UTF-8
OS=Windows_NT
PROCESSOR_IDENTIFIER=AMD64 Family 23 Model 96 Stepping 1, AuthenticAMD
TMP=C:\Users\rohan\AppData\Local\Temp
TEMP=C:\Users\rohan\AppData\Local\Temp



Periodic native trim disabled


---------------  S Y S T E M  ---------------

OS:
 Windows 11 , 64 bit Build 26100 (10.0.26100.3037)
OS uptime: 2 days 18:14 hours

CPU: total 12 (initial active 12) (12 cores per cpu, 2 threads per core) family 23 model 96 stepping 1 microcode 0x8600106, cx8, cmov, fxsr, ht, mmx, 3dnowpref, sse, sse2, sse3, ssse3, sse4a, sse4.1, sse4.2, popcnt, lzcnt, tsc, tscinvbit, avx, avx2, aes, clmul, bmi1, bmi2, adx, sha, fma, vzeroupper, clflush, clflushopt
Processor Information for all 12 processors :
  Max Mhz: 3001, Current Mhz: 3001, Mhz Limit: 3001

Memory: 4k page, system-wide physical 7597M (669M free)
TotalPageFile size 31149M (AvailPageFile size 7M)
current process WorkingSet (physical memory assigned to process): 12M, peak: 12M
current process commit charge ("private bytes"): 58M, peak: 59M

vm_info: OpenJDK 64-Bit Server VM (17.0.12+7) for windows-amd64 JRE (17.0.12+7), built on Jul 16 2024 22:08:24 by "admin" with MS VC++ 16.10 / 16.11 (VS2019)

END.
